2024-01-11 06:29:34 Loading main app package /opt/Obsidian/resources/obsidian.asar
2024-01-11 06:29:35 Checking for update using Github
2024-01-11 06:29:40 Success.
2024-01-11 06:29:40 Latest version is 1.5.3
2024-01-11 06:29:40 App is up to date.
2024-01-11 07:15:38 Loading main app package /opt/Obsidian/resources/obsidian.asar
2024-01-11 07:15:38 Checking for update using Github
2024-01-11 07:15:39 Success.
2024-01-11 07:15:39 Latest version is 1.5.3
2024-01-11 07:15:39 App is up to date.
2024-01-11 07:25:41 Loading main app package /opt/Obsidian/resources/obsidian.asar
2024-01-11 07:25:41 Checking for update using Github
2024-01-11 07:25:42 Success.
2024-01-11 07:25:42 Latest version is 1.5.3
2024-01-11 07:25:42 App is up to date.
2024-01-11 08:25:41 Checking for update using Github
2024-01-11 08:25:41 Success.
2024-01-11 08:25:41 Latest version is 1.5.3
2024-01-11 08:25:41 App is up to date.
2024-01-11 09:25:41 Checking for update using Github
2024-01-11 09:25:41 Success.
2024-01-11 09:25:41 Latest version is 1.5.3
2024-01-11 09:25:41 App is up to date.
2024-01-11 10:25:41 Checking for update using Github
2024-01-11 10:25:41 Success.
2024-01-11 10:25:41 Latest version is 1.5.3
2024-01-11 10:25:41 App is up to date.
2024-01-11 11:25:41 Checking for update using Github
2024-01-11 11:25:41 Success.
2024-01-11 11:25:41 Latest version is 1.5.3
2024-01-11 11:25:41 App is up to date.
2024-01-11 13:03:10 Loading main app package /opt/Obsidian/resources/obsidian.asar
2024-01-11 13:03:11 Checking for update using Github
2024-01-11 13:03:11 Success.
2024-01-11 13:03:11 Latest version is 1.5.3
2024-01-11 13:03:11 App is up to date.
